<?xml version="1.0" encoding="UTF-8"?>
<!-- Generated by org.testng.reporters.JUnitXMLReporter -->
<testsuite hostname="Num30-PC" name="Default test" tests="3" failures="0" timestamp="3 Mar 2016 09:59:55 GMT" time="60.455" errors="0">
  <testcase name="testLogin" time="10.812" classname="demo.selenium.TestDataDrivenByCSVFile"/>
  <testcase name="testLogin" time="11.377" classname="demo.selenium.TestDataDrivenByCSVFile"/>
  <testcase name="testLogin" time="11.707" classname="demo.selenium.TestDataDrivenByCSVFile"/>
</testsuite> <!-- Default test -->
