<?xml version="1.0" encoding="UTF-8"?>
<!-- Generated by org.testng.reporters.JUnitXMLReporter -->
<testsuite hostname="Num30-PC" name="ChromeTest" tests="3" failures="0" timestamp="3 Mar 2016 10:27:13 GMT" time="70.132" errors="0">
  <testcase name="testLogin" time="20.961" classname="demo.selenium.TestDataDrivenByCSVFile"/>
  <testcase name="testLogin" time="20.03" classname="demo.selenium.TestDataDrivenByCSVFile"/>
  <testcase name="testLogin" time="20.632" classname="demo.selenium.TestDataDrivenByCSVFile"/>
</testsuite> <!-- ChromeTest -->
